[31-Mar-2025 16:37:39 UTC] PHP Fatal error:  Out of memory (allocated 31457280) (tried to allocate 2097152 bytes) in /workspaces/UX308Lab6.1/.wordpress/wp-content/plugins/ecommerce-product-catalog/modules/price/price-settings.php on line 28
[31-Mar-2025 16:38:09 UTC] PHP Fatal error:  Out of memory (allocated 31457280) (tried to allocate 2097152 bytes) in /workspaces/UX308Lab6.1/.wordpress/wp-content/plugins/ecommerce-product-catalog/modules/price/price-settings.php on line 28
[31-Mar-2025 16:39:32 UTC] PHP Fatal error:  Out of memory (allocated 31457280) (tried to allocate 2097152 bytes) in /workspaces/UX308Lab6.1/.wordpress/wp-content/plugins/ecommerce-product-catalog/modules/price/price-settings.php on line 28
[31-Mar-2025 16:39:53 UTC] PHP Fatal error:  Out of memory (allocated 31457280) (tried to allocate 2097152 bytes) in /workspaces/UX308Lab6.1/.wordpress/wp-content/plugins/ecommerce-product-catalog/modules/price/price-settings.php on line 28
[31-Mar-2025 16:40:06 UTC] PHP Fatal error:  Out of memory (allocated 31457280) (tried to allocate 2097152 bytes) in /workspaces/UX308Lab6.1/.wordpress/wp-content/plugins/ecommerce-product-catalog/modules/price/price-settings.php on line 28
[31-Mar-2025 16:40:10 UTC] PHP Fatal error:  Out of memory (allocated 31457280) (tried to allocate 2097152 bytes) in /workspaces/UX308Lab6.1/.wordpress/wp-content/plugins/ecommerce-product-catalog/modules/price/price-settings.php on line 26
[31-Mar-2025 16:40:45 UTC] PHP Fatal error:  Out of memory (allocated 31457280) (tried to allocate 2097152 bytes) in /workspaces/UX308Lab6.1/.wordpress/wp-content/plugins/ecommerce-product-catalog/modules/price/price-settings.php on line 28
[31-Mar-2025 16:53:16 UTC] PHP Fatal error:  Out of memory (allocated 31457280) (tried to allocate 2097152 bytes) in /workspaces/UX308Lab6.1/.wordpress/wp-content/plugins/ecommerce-product-catalog/modules/price/price-settings.php on line 31
[31-Mar-2025 16:55:02 UTC] PHP Fatal error:  Out of memory (allocated 31457280) (tried to allocate 2097152 bytes) in /workspaces/UX308Lab6.1/.wordpress/wp-content/plugins/ecommerce-product-catalog/modules/price/price-settings.php on line 31
[31-Mar-2025 16:55:11 UTC] PHP Fatal error:  Out of memory (allocated 31457280) (tried to allocate 2097152 bytes) in /workspaces/UX308Lab6.1/.wordpress/wp-content/plugins/ecommerce-product-catalog/modules/price/price-settings.php on line 31
[31-Mar-2025 19:24:47 UTC] PHP Fatal error:  Out of memory (allocated 35651584) (tried to allocate 2097152 bytes) in /workspaces/UX308Lab6.1/.wordpress/wp-content/plugins/ecommerce-product-catalog/includes/widgets/filter-widgets.php on line 361
[31-Mar-2025 19:24:54 UTC] PHP Fatal error:  Out of memory (allocated 33554432) (tried to allocate 2097152 bytes) in /workspaces/UX308Lab6.1/.wordpress/wp-content/plugins/ecommerce-product-catalog/includes/register-product.php on line 109
[31-Mar-2025 19:24:54 UTC] PHP Fatal error:  Out of memory (allocated 31457280) (tried to allocate 2097152 bytes) in /workspaces/UX308Lab6.1/.wordpress/wp-content/plugins/ecommerce-product-catalog/includes/register-product.php on line 157
[31-Mar-2025 19:24:57 UTC] PHP Fatal error:  Out of memory (allocated 31457280) (tried to allocate 2097152 bytes) in /workspaces/UX308Lab6.1/.wordpress/wp-content/plugins/ecommerce-product-catalog/includes/register-product.php on line 157
[31-Mar-2025 19:25:02 UTC] PHP Fatal error:  Out of memory (allocated 31457280) (tried to allocate 2097152 bytes) in /workspaces/UX308Lab6.1/.wordpress/wp-content/plugins/ecommerce-product-catalog/includes/register-product.php on line 157
[31-Mar-2025 19:25:06 UTC] PHP Fatal error:  Out of memory (allocated 31457280) (tried to allocate 2097152 bytes) in /workspaces/UX308Lab6.1/.wordpress/wp-content/plugins/ecommerce-product-catalog/includes/register-product.php on line 109
[31-Mar-2025 19:25:10 UTC] PHP Fatal error:  Out of memory (allocated 31457280) (tried to allocate 2097152 bytes) in /workspaces/UX308Lab6.1/.wordpress/wp-content/plugins/ecommerce-product-catalog/includes/register-product.php on line 157
[31-Mar-2025 19:25:12 UTC] PHP Fatal error:  Out of memory (allocated 31457280) (tried to allocate 2097152 bytes) in /workspaces/UX308Lab6.1/.wordpress/wp-content/plugins/ecommerce-product-catalog/includes/register-product.php on line 116
[31-Mar-2025 19:25:13 UTC] PHP Fatal error:  Out of memory (allocated 31457280) (tried to allocate 2097152 bytes) in /workspaces/UX308Lab6.1/.wordpress/wp-content/plugins/ecommerce-product-catalog/includes/widgets/filter-widgets.php on line 116
[31-Mar-2025 19:25:14 UTC] PHP Fatal error:  Out of memory (allocated 31457280) (tried to allocate 2097152 bytes) in /workspaces/UX308Lab6.1/.wordpress/wp-content/plugins/ecommerce-product-catalog/includes/register-product.php on line 109
[01-Apr-2025 02:41:12 UTC] PHP Warning:  Undefined variable $parent_theme_name in /workspaces/UX308Assignment2/.wordpress/wp-content/mu-plugins/one-click-child-theme/templates/create_child_form.php on line 18
[01-Apr-2025 04:03:54 UTC] PHP Fatal error:  Out of memory (allocated 41943040) (tried to allocate 2097152 bytes) in /workspaces/UX308Assignment2/.wordpress/wp-content/plugins/ecommerce-product-catalog/includes/register-product.php on line 160
[01-Apr-2025 04:03:56 UTC] PHP Fatal error:  Out of memory (allocated 35651584) (tried to allocate 2097152 bytes) in /workspaces/UX308Assignment2/.wordpress/wp-content/plugins/ecommerce-product-catalog/includes/register-product.php on line 146
[01-Apr-2025 04:05:05 UTC] PHP Fatal error:  Out of memory (allocated 33554432) (tried to allocate 2097152 bytes) in /workspaces/UX308Assignment2/.wordpress/wp-content/plugins/ecommerce-product-catalog/includes/register-product.php on line 144
